<?xml version="1.0" encoding="UTF-8"?>
<robot generator="Robot 5.0.1 (Python 3.10.4 on win32)" generated="20220530 00:46:54.106" rpa="false" schemaversion="3">
<suite id="s1" name="Test1" source="C:\Users\szasz\Desktop\Ver&amp;val\vizsga\test1.robot">
<test id="s1-t1" name="Log In A User" line="11">
<kw name="Open Browser To URL">
<kw name="Open Browser" library="SeleniumLibrary">
<arg>http://localhost:8080/</arg>
<arg>browser=chrome</arg>
<doc>Opens a new browser instance to the optional ``url``.</doc>
<msg timestamp="20220530 00:46:54.524" level="INFO">Opening browser 'chrome' to base url 'http://localhost:8080/'.</msg>
<status status="PASS" starttime="20220530 00:46:54.524" endtime="20220530 00:46:59.356"/>
</kw>
<kw name="Maximize Browser Window" library="SeleniumLibrary">
<doc>Maximizes current browser window.</doc>
<status status="PASS" starttime="20220530 00:46:59.356" endtime="20220530 00:46:59.567"/>
</kw>
<status status="PASS" starttime="20220530 00:46:54.523" endtime="20220530 00:46:59.568"/>
</kw>
<kw name="Log In As User">
<kw name="Click Element" library="SeleniumLibrary">
<arg>xpath:/html/body/header/a[2]</arg>
<doc>Click the element identified by ``locator``.</doc>
<msg timestamp="20220530 00:46:59.571" level="INFO">Clicking element 'xpath:/html/body/header/a[2]'.</msg>
<status status="PASS" starttime="20220530 00:46:59.570" endtime="20220530 00:46:59.959"/>
</kw>
<kw name="Input Text" library="SeleniumLibrary">
<arg>//*[@id="main"]/article/form/input[1]</arg>
<arg>${USERNAME1}</arg>
<doc>Types the given ``text`` into the text field identified by ``locator``.</doc>
<msg timestamp="20220530 00:46:59.960" level="INFO">Typing text 'felhasznalo' into text field '//*[@id="main"]/article/form/input[1]'.</msg>
<status status="PASS" starttime="20220530 00:46:59.959" endtime="20220530 00:47:00.151"/>
</kw>
<kw name="Input Password" library="SeleniumLibrary">
<arg>//*[@id="main"]/article/form/input[2]</arg>
<arg>${PASSWORD1}</arg>
<doc>Types the given password into the text field identified by ``locator``.</doc>
<msg timestamp="20220530 00:47:00.152" level="INFO">Typing password into text field '//*[@id="main"]/article/form/input[2]'.</msg>
<msg timestamp="20220530 00:47:00.198" level="INFO">Temporally setting log level to: NONE</msg>
<msg timestamp="20220530 00:47:00.288" level="INFO">Log level changed from NONE to INFO.</msg>
<status status="PASS" starttime="20220530 00:47:00.151" endtime="20220530 00:47:00.288"/>
</kw>
<kw name="Click Element" library="SeleniumLibrary">
<arg>//*[@id="main"]/article/form/input[3]</arg>
<doc>Click the element identified by ``locator``.</doc>
<msg timestamp="20220530 00:47:00.288" level="INFO">Clicking element '//*[@id="main"]/article/form/input[3]'.</msg>
<status status="PASS" starttime="20220530 00:47:00.288" endtime="20220530 00:47:00.740"/>
</kw>
<status status="PASS" starttime="20220530 00:46:59.569" endtime="20220530 00:47:00.740"/>
</kw>
<kw name="Result Should Contain Username">
<kw name="Element Should Contain" library="SeleniumLibrary">
<arg>//*[@id="lenyiloListaGomb"]</arg>
<arg>${USERNAME1}</arg>
<doc>Verifies that element ``locator`` contains text ``expected``.</doc>
<msg timestamp="20220530 00:47:00.825" level="INFO">Element '//*[@id="lenyiloListaGomb"]' contains text 'felhasznalo'.</msg>
<status status="PASS" starttime="20220530 00:47:00.743" endtime="20220530 00:47:00.825"/>
</kw>
<status status="PASS" starttime="20220530 00:47:00.743" endtime="20220530 00:47:00.825"/>
</kw>
<kw name="Close Browser" library="SeleniumLibrary">
<doc>Closes the current browser.</doc>
<status status="PASS" starttime="20220530 00:47:00.825" endtime="20220530 00:47:03.133"/>
</kw>
<status status="PASS" starttime="20220530 00:46:54.521" endtime="20220530 00:47:03.134"/>
</test>
<status status="PASS" starttime="20220530 00:46:54.106" endtime="20220530 00:47:03.137"/>
</suite>
<statistics>
<total>
<stat pass="1" fail="0" skip="0">All Tests</stat>
</total>
<tag>
</tag>
<suite>
<stat pass="1" fail="0" skip="0" id="s1" name="Test1">Test1</stat>
</suite>
</statistics>
<errors>
</errors>
</robot>
