<?xml version="1.0" encoding="UTF-8"?>
<robot generator="Robot 5.0.1 (Python 3.10.4 on win32)" generated="20220531 04:43:05.841" rpa="false" schemaversion="3">
<suite id="s1" name="Test3" source="C:\Users\szasz\Desktop\Ver&amp;val\vizsga\other\test1\test3.robot">
<kw name="Open the browser" type="SETUP">
<kw name="Open Browser" library="SeleniumLibrary">
<arg>https://www.cs.ubbcluj.ro/</arg>
<arg>browser=chrome</arg>
<doc>Opens a new browser instance to the optional ``url``.</doc>
<msg timestamp="20220531 04:43:06.263" level="INFO">Opening browser 'chrome' to base url 'https://www.cs.ubbcluj.ro/'.</msg>
<status status="PASS" starttime="20220531 04:43:06.263" endtime="20220531 04:43:13.669"/>
</kw>
<kw name="Maximize Browser Window" library="SeleniumLibrary">
<doc>Maximizes current browser window.</doc>
<status status="PASS" starttime="20220531 04:43:13.670" endtime="20220531 04:43:14.102"/>
</kw>
<status status="PASS" starttime="20220531 04:43:06.262" endtime="20220531 04:43:14.103"/>
</kw>
<test id="s1-t1" name="Change language to hungarian" line="9">
<kw name="Change language">
<kw name="Click Element" library="SeleniumLibrary">
<arg>//*[@id="menu-item-8324-hu"]/a</arg>
<doc>Click the element identified by ``locator``.</doc>
<msg timestamp="20220531 04:43:14.108" level="INFO">Clicking element '//*[@id="menu-item-8324-hu"]/a'.</msg>
<status status="PASS" starttime="20220531 04:43:14.108" endtime="20220531 04:43:16.891"/>
</kw>
<status status="PASS" starttime="20220531 04:43:14.106" endtime="20220531 04:43:16.891"/>
</kw>
<kw name="Result should be the hungarian page">
<kw name="Element Attribute Value Should Be" library="SeleniumLibrary">
<arg>//*[@id="header"]/div[1]/a/img</arg>
<arg>title</arg>
<arg>Matematika és Informatika Kar</arg>
<doc>Verifies element identified by ``locator`` contains expected attribute value.</doc>
<msg timestamp="20220531 04:43:16.947" level="INFO">Element '//*[@id="header"]/div[1]/a/img' attribute 'title' contains value 'Matematika és Informatika Kar'.</msg>
<status status="PASS" starttime="20220531 04:43:16.897" endtime="20220531 04:43:16.947"/>
</kw>
<status status="PASS" starttime="20220531 04:43:16.896" endtime="20220531 04:43:16.947"/>
</kw>
<status status="PASS" starttime="20220531 04:43:14.103" endtime="20220531 04:43:16.948"/>
</test>
<test id="s1-t2" name="Go to diploma webpage" line="13">
<kw name="Go to diploma page">
<kw name="Mouse Over" library="SeleniumLibrary">
<arg>//*[@id="menu-item-11458"]/a</arg>
<doc>Simulates hovering the mouse over the element ``locator``.</doc>
<msg timestamp="20220531 04:43:16.951" level="INFO">Simulating Mouse Over on element '//*[@id="menu-item-11458"]/a'.</msg>
<status status="PASS" starttime="20220531 04:43:16.951" endtime="20220531 04:43:17.237"/>
</kw>
<kw name="Mouse Over" library="SeleniumLibrary">
<arg>//*[@id="menu-item-11461"]</arg>
<doc>Simulates hovering the mouse over the element ``locator``.</doc>
<msg timestamp="20220531 04:43:17.238" level="INFO">Simulating Mouse Over on element '//*[@id="menu-item-11461"]'.</msg>
<status status="PASS" starttime="20220531 04:43:17.238" endtime="20220531 04:43:17.543"/>
</kw>
<kw name="Wait Until Element Is Visible" library="SeleniumLibrary">
<arg>//*[@id="menu-item-11461"]/ul</arg>
<doc>Waits until the element ``locator`` is visible.</doc>
<status status="PASS" starttime="20220531 04:43:17.543" endtime="20220531 04:43:17.608"/>
</kw>
<kw name="Click Element" library="SeleniumLibrary">
<arg>//*[@id="menu-item-8003"]</arg>
<doc>Click the element identified by ``locator``.</doc>
<msg timestamp="20220531 04:43:17.609" level="INFO">Clicking element '//*[@id="menu-item-8003"]'.</msg>
<status status="PASS" starttime="20220531 04:43:17.608" endtime="20220531 04:43:19.169"/>
</kw>
<kw name="Click Element" library="SeleniumLibrary">
<arg>//*[@id="post-7996"]/div/div[2]/div/table/tbody/tr[2]/td[1]/a</arg>
<doc>Click the element identified by ``locator``.</doc>
<msg timestamp="20220531 04:43:19.170" level="INFO">Clicking element '//*[@id="post-7996"]/div/div[2]/div/table/tbody/tr[2]/td[1]/a'.</msg>
<status status="PASS" starttime="20220531 04:43:19.169" endtime="20220531 04:43:20.775"/>
</kw>
<status status="PASS" starttime="20220531 04:43:16.951" endtime="20220531 04:43:20.775"/>
</kw>
<kw name="Page should contain deadline of writing the diploma thesis">
<kw name="Element Should Contain" library="SeleniumLibrary">
<arg>//*[@id="post-51312"]/div[2]/p[5]</arg>
<arg>9 iunie 2022</arg>
<doc>Verifies that element ``locator`` contains text ``expected``.</doc>
<msg timestamp="20220531 04:43:20.807" level="INFO">Element '//*[@id="post-51312"]/div[2]/p[5]' contains text '9 iunie 2022'.</msg>
<status status="PASS" starttime="20220531 04:43:20.776" endtime="20220531 04:43:20.807"/>
</kw>
<status status="PASS" starttime="20220531 04:43:20.776" endtime="20220531 04:43:20.807"/>
</kw>
<status status="PASS" starttime="20220531 04:43:16.950" endtime="20220531 04:43:20.808"/>
</test>
<kw name="Close the browser" type="TEARDOWN">
<kw name="Sleep" library="BuiltIn">
<arg>3s</arg>
<doc>Pauses the test executed for the given time.</doc>
<msg timestamp="20220531 04:43:23.823" level="INFO">Slept 3 seconds</msg>
<status status="PASS" starttime="20220531 04:43:20.811" endtime="20220531 04:43:23.823"/>
</kw>
<kw name="Close Browser" library="SeleniumLibrary">
<doc>Closes the current browser.</doc>
<status status="PASS" starttime="20220531 04:43:23.823" endtime="20220531 04:43:26.511"/>
</kw>
<status status="PASS" starttime="20220531 04:43:20.811" endtime="20220531 04:43:26.512"/>
</kw>
<status status="PASS" starttime="20220531 04:43:05.841" endtime="20220531 04:43:26.512"/>
</suite>
<statistics>
<total>
<stat pass="2" fail="0" skip="0">All Tests</stat>
</total>
<tag>
</tag>
<suite>
<stat pass="2" fail="0" skip="0" id="s1" name="Test3">Test3</stat>
</suite>
</statistics>
<errors>
</errors>
</robot>
